<?xml version="1.0" encoding="UTF-8"?>
<!-- Generated by org.testng.reporters.JUnitReportReporter -->
<testsuite skipped="0" hostname="DESKTOP-LFC3QCB" name="pages.PhpTravelLoginPage" tests="1" failures="0" timestamp="14 Jul 2018 17:27:16 GMT" time="24.895" errors="0">
  <testcase name="mainPageLogin" time="24.895" classname="pages.PhpTravelLoginPage"/>
</testsuite> <!-- pages.PhpTravelLoginPage -->
