<?xml version="1.0" encoding="UTF-8"?>
<!-- Generated by org.testng.reporters.JUnitReportReporter -->
<testsuite skipped="0" hostname="DESKTOP-LFC3QCB" name="com.jobapplication.PersonalInfoTest" tests="2" failures="0" timestamp="24 Jun 2018 15:03:46 GMT" time="6.296" errors="0">
  <testcase name="fullNameEmptyTest" time="0.635" classname="com.jobapplication.PersonalInfoTest"/>
  <testcase name="submitFullApplication" time="5.661" classname="com.jobapplication.PersonalInfoTest"/>
</testsuite> <!-- com.jobapplication.PersonalInfoTest -->
