<?xml version="1.0" encoding="UTF-8"?>
<!-- Generated by org.testng.reporters.JUnitReportReporter -->
<testsuite skipped="0" hostname="DESKTOP-LFC3QCB" name="pageObjectModel.HomePage" tests="1" failures="0" timestamp="08 Jul 2018 19:42:07 GMT" time="9.548" errors="0">
  <testcase name="test1" time="9.548" classname="pageObjectModel.HomePage"/>
</testsuite> <!-- pageObjectModel.HomePage -->
