<?xml version="1.0" encoding="UTF-8"?>
<!-- Generated by org.testng.reporters.JUnitReportReporter -->
<testsuite skipped="0" hostname="DESKTOP-LFC3QCB" name="pageObjectModel.SuiteCRM" tests="1" failures="0" timestamp="08 Jul 2018 19:00:59 GMT" time="8.421" errors="0">
  <testcase name="test1" time="8.421" classname="pageObjectModel.SuiteCRM"/>
</testsuite> <!-- pageObjectModel.SuiteCRM -->
