<?xml version="1.0" encoding="UTF-8"?>
<!-- Generated by org.testng.reporters.JUnitReportReporter -->
<testsuite skipped="0" hostname="DESKTOP-LFC3QCB" name="com.jobappliation.PersonalInfoTest" tests="1" failures="0" timestamp="23 Jun 2018 18:14:18 GMT" time="1.255" errors="0">
  <testcase name="fullNameEmptyTest" time="1.255" classname="com.jobappliation.PersonalInfoTest"/>
</testsuite> <!-- com.jobappliation.PersonalInfoTest -->
