<?xml version="1.0" encoding="UTF-8"?>
<!-- Generated by org.testng.reporters.JUnitReportReporter -->
<testsuite skipped="0" hostname="DESKTOP-LFC3QCB" name="pageObjectModel.SuiteTest" tests="1" failures="0" timestamp="08 Jul 2018 19:34:55 GMT" time="6.007" errors="0">
  <testcase name="test1" time="6.007" classname="pageObjectModel.SuiteTest"/>
</testsuite> <!-- pageObjectModel.SuiteTest -->
